<?xml version="1.0" encoding="UTF-8"?>
<!-- Generated by org.testng.reporters.JUnitXMLReporter -->
<testsuite ignored="3" hostname="Amals_HP_Envy" failures="0" tests="1" name="Default test" time="1.395" errors="0" timestamp="2025-03-21T00:06:11 EDT">
  <testcase classname="storeautomation.api.test.UserTest" name="testPostUser" time="1.234"/>
  <testcase classname="storeautomation.api.test.UserTest" name="testDeleteUser" time="0.0">
    <ignored/>
  </testcase> <!-- testDeleteUser -->
  <testcase classname="storeautomation.api.test.UserTest" name="testGetUserByName" time="0.0">
    <ignored/>
  </testcase> <!-- testGetUserByName -->
  <testcase classname="storeautomation.api.test.UserTest" name="testUpdateUser" time="0.0">
    <ignored/>
  </testcase> <!-- testUpdateUser -->
</testsuite> <!-- Default test -->
