<?xml version="1.0" encoding="UTF-8"?>
<!-- Generated by org.testng.reporters.JUnitXMLReporter -->
<testsuite ignored="0" hostname="Amals_HP_Envy" failures="0" tests="4" name="Test" time="2.497" errors="0" timestamp="2025-03-21T10:15:51 EDT">
  <testcase classname="storeautomation.api.test.UserTest_propfile" name="testPostUser" time="1.719"/>
  <testcase classname="storeautomation.api.test.UserTest_propfile" name="testGetUserByName" time="0.13"/>
  <testcase classname="storeautomation.api.test.UserTest_propfile" name="testUpdateUser" time="0.219"/>
  <testcase classname="storeautomation.api.test.UserTest_propfile" name="testDeleteUser" time="0.092"/>
</testsuite> <!-- Test -->
