<?xml version="1.0" encoding="UTF-8"?>
<testsuite xmlns:xsi="http://www.w3.org/2001/XMLSchema-instance" xsi:noNamespaceSchemaLocation="https://maven.apache.org/surefire/maven-surefire-plugin/xsd/surefire-test-report.xsd" version="3.0.2" name="TestSuite" time="3.089" tests="4" errors="0" skipped="0" failures="0">
  <properties>
[...]
</properties>
  <testcase name="testPostUser" classname="storeautomation.api.test.UserTest_propfile" time="1.492">
    <system-out><![CDATA[11:21:40.179 [main] INFO  storeautomation.api.test.UserTest_propfile - ************* Creating User ******************
HTTP/1.1 200 OK
Date: Fri, 21 Mar 2025 15:21:41 GMT
Content-Type: application/json
Transfer-Encoding: chunked
Connection: keep-alive
Access-Control-Allow-Origin: *
Access-Control-Allow-Methods: GET, POST, DELETE, PUT
Access-Control-Allow-Headers: Content-Type, api_key, Authorization
Server: Jetty(9.2.9.v20150224)

{
    "code": 200,
    "type": "unknown",
    "message": "194107588"
}
]]></system-out>
    <system-err><![CDATA[SLF4J: Failed to load class "org.slf4j.impl.StaticLoggerBinder".
SLF4J: Defaulting to no-operation (NOP) logger implementation
SLF4J: See http://www.slf4j.org/codes.html#StaticLoggerBinder for further details.
]]></system-err>
  </testcase>
  <testcase name="testGetUserByName" classname="storeautomation.api.test.UserTest_propfile" time="0.138">
    <system-out><![CDATA[11:21:41.667 [main] INFO  storeautomation.api.test.UserTest_propfile - ************* Getting the User ******************
HTTP/1.1 200 OK
Date: Fri, 21 Mar 2025 15:21:41 GMT
Content-Type: application/json
Transfer-Encoding: chunked
Connection: keep-alive
Access-Control-Allow-Origin: *
Access-Control-Allow-Methods: GET, POST, DELETE, PUT
Access-Control-Allow-Headers: Content-Type, api_key, Authorization
Server: Jetty(9.2.9.v20150224)

{
    "id": 194107588,
    "username": "darron.greenholt",
    "firstName": "Cristin",
    "lastName": "Hartmann",
    "email": "nita.jerde@example.com",
    "password": "qhdlac6",
    "phone": "965.733.2379",
    "userStatus": 0
}
]]></system-out>
  </testcase>
  <testcase name="testUpdateUser" classname="storeautomation.api.test.UserTest_propfile" time="0.203">
    <system-out><![CDATA[11:21:41.805 [main] INFO  storeautomation.api.test.UserTest_propfile - ************* Updating User ******************
HTTP/1.1 200 OK
Date: Fri, 21 Mar 2025 15:21:41 GMT
Content-Type: application/json
Transfer-Encoding: chunked
Connection: keep-alive
Access-Control-Allow-Origin: *
Access-Control-Allow-Methods: GET, POST, DELETE, PUT
Access-Control-Allow-Headers: Content-Type, api_key, Authorization
Server: Jetty(9.2.9.v20150224)

{
    "code": 200,
    "type": "unknown",
    "message": "194107588"
}
HTTP/1.1 200 OK
Date: Fri, 21 Mar 2025 15:21:41 GMT
Content-Type: application/json
Transfer-Encoding: chunked
Connection: keep-alive
Access-Control-Allow-Origin: *
Access-Control-Allow-Methods: GET, POST, DELETE, PUT
Access-Control-Allow-Headers: Content-Type, api_key, Authorization
Server: Jetty(9.2.9.v20150224)

{
    "id": 194107588,
    "username": "darron.greenholt",
    "firstName": "Sallie",
    "lastName": "Konopelski",
    "email": "lucille.durgan@example.com",
    "password": "qhdlac6",
    "phone": "965.733.2379",
    "userStatus": 0
}
]]></system-out>
  </testcase>
  <testcase name="testDeleteUser" classname="storeautomation.api.test.UserTest_propfile" time="0.088">
    <system-out><![CDATA[11:21:42.009 [main] INFO  storeautomation.api.test.UserTest_propfile - ************* Deleting User ******************
HTTP/1.1 200 OK
Date: Fri, 21 Mar 2025 15:21:42 GMT
Content-Type: application/json
Transfer-Encoding: chunked
Connection: keep-alive
Access-Control-Allow-Origin: *
Access-Control-Allow-Methods: GET, POST, DELETE, PUT
Access-Control-Allow-Headers: Content-Type, api_key, Authorization
Server: Jetty(9.2.9.v20150224)

{
    "code": 200,
    "type": "unknown",
    "message": "darron.greenholt"
}
]]></system-out>
  </testcase>
</testsuite>