<?xml version="1.0" encoding="UTF-8"?>
<testng-results ignored="0" total="4" passed="4" failed="0" skipped="0">
  <reporter-output>
  </reporter-output>
  <suite started-at="2025-03-21T10:15:48 EDT" name="Suite" finished-at="2025-03-21T10:15:51 EDT" duration-ms="2497">
    <groups>
    </groups>
    <test started-at="2025-03-21T10:15:48 EDT" name="Test" finished-at="2025-03-21T10:15:51 EDT" duration-ms="2497">
      <class name="storeautomation.api.test.UserTest_propfile">
        <test-method is-config="true" signature="setupDate()[pri:0, instance:storeautomation.api.test.UserTest_propfile@6399551e]" started-at="2025-03-21T10:15:48 EDT" name="setupDate" finished-at="2025-03-21T10:15:49 EDT" duration-ms="159" status="PASS">
          <reporter-output>
          </reporter-output>
        </test-method> <!-- setupDate -->
        <test-method signature="testPostUser()[pri:1, instance:storeautomation.api.test.UserTest_propfile@6399551e]" started-at="2025-03-21T10:15:49 EDT" name="testPostUser" finished-at="2025-03-21T10:15:50 EDT" duration-ms="1719" status="PASS">
          <reporter-output>
          </reporter-output>
        </test-method> <!-- testPostUser -->
        <test-method signature="testGetUserByName()[pri:2, instance:storeautomation.api.test.UserTest_propfile@6399551e]" started-at="2025-03-21T10:15:50 EDT" name="testGetUserByName" finished-at="2025-03-21T10:15:50 EDT" duration-ms="130" status="PASS">
          <reporter-output>
          </reporter-output>
        </test-method> <!-- testGetUserByName -->
        <test-method signature="testUpdateUser()[pri:3, instance:storeautomation.api.test.UserTest_propfile@6399551e]" started-at="2025-03-21T10:15:50 EDT" name="testUpdateUser" finished-at="2025-03-21T10:15:51 EDT" duration-ms="219" status="PASS">
          <reporter-output>
          </reporter-output>
        </test-method> <!-- testUpdateUser -->
        <test-method signature="testDeleteUser()[pri:4, instance:storeautomation.api.test.UserTest_propfile@6399551e]" started-at="2025-03-21T10:15:51 EDT" name="testDeleteUser" finished-at="2025-03-21T10:15:51 EDT" duration-ms="92" status="PASS">
          <reporter-output>
          </reporter-output>
        </test-method> <!-- testDeleteUser -->
      </class> <!-- storeautomation.api.test.UserTest_propfile -->
    </test> <!-- Test -->
  </suite> <!-- Suite -->
</testng-results>
